15-May-2026 21:02:12.695 INFORMACIÓN [main] org.apache.catalina.startup.VersionLoggerListener.log Nombre de la versión del servidor: Apache Tomcat/10.1.53
15-May-2026 21:02:12.705 INFORMACIÓN [main] org.apache.catalina.startup.VersionLoggerListener.log Server built:                      Mar 18 2026 13:50:42 UTC
15-May-2026 21:02:12.705 INFORMACIÓN [main] org.apache.catalina.startup.VersionLoggerListener.log Número de versión de servidor:     10.1.53.0
15-May-2026 21:02:12.706 INFORMACIÓN [main] org.apache.catalina.startup.VersionLoggerListener.log OS Name:                           Linux
15-May-2026 21:02:12.706 INFORMACIÓN [main] org.apache.catalina.startup.VersionLoggerListener.log Versión de Systema Operativo:      6.18.20-1-lts
15-May-2026 21:02:12.707 INFORMACIÓN [main] org.apache.catalina.startup.VersionLoggerListener.log Arquitectura:                      amd64
15-May-2026 21:02:12.707 INFORMACIÓN [main] org.apache.catalina.startup.VersionLoggerListener.log Java Home:                         /usr/lib/jvm/java-26-openjdk
15-May-2026 21:02:12.708 INFORMACIÓN [main] org.apache.catalina.startup.VersionLoggerListener.log JVM Version:                       26.0.2
15-May-2026 21:02:12.708 INFORMACIÓN [main] org.apache.catalina.startup.VersionLoggerListener.log Vededor JVM:                       Arch Linux
15-May-2026 21:02:12.709 INFORMACIÓN [main] org.apache.catalina.startup.VersionLoggerListener.log CATALINA_BASE:                     /home/dz/Documentos/Proyecto Final/apache-tomcat-10.1.53
15-May-2026 21:02:12.709 INFORMACIÓN [main] org.apache.catalina.startup.VersionLoggerListener.log CATALINA_HOME:                     /home/dz/Documentos/Proyecto Final/apache-tomcat-10.1.53
15-May-2026 21:02:12.742 INFORMACIÓN [main] org.apache.catalina.startup.VersionLoggerListener.log Command line argument:             -Djava.util.logging.config.file=/home/dz/Documentos/Proyecto Final/apache-tomcat-10.1.53/conf/logging.properties
15-May-2026 21:02:12.743 INFORMACIÓN [main] org.apache.catalina.startup.VersionLoggerListener.log Command line argument:             -Djava.util.logging.manager=org.apache.juli.ClassLoaderLogManager
15-May-2026 21:02:12.744 INFORMACIÓN [main] org.apache.catalina.startup.VersionLoggerListener.log Command line argument:             -Djdk.tls.ephemeralDHKeySize=2048
15-May-2026 21:02:12.744 INFORMACIÓN [main] org.apache.catalina.startup.VersionLoggerListener.log Command line argument:             -Djava.protocol.handler.pkgs=org.apache.catalina.webresources
15-May-2026 21:02:12.745 INFORMACIÓN [main] org.apache.catalina.startup.VersionLoggerListener.log Command line argument:             -Dsun.io.useCanonCaches=false
15-May-2026 21:02:12.745 INFORMACIÓN [main] org.apache.catalina.startup.VersionLoggerListener.log Command line argument:             -Dorg.apache.catalina.security.SecurityListener.UMASK=0027
15-May-2026 21:02:12.746 INFORMACIÓN [main] org.apache.catalina.startup.VersionLoggerListener.log Command line argument:             --add-opens=java.base/java.lang=ALL-UNNAMED
15-May-2026 21:02:12.746 INFORMACIÓN [main] org.apache.catalina.startup.VersionLoggerListener.log Command line argument:             --add-opens=java.base/java.lang.reflect=ALL-UNNAMED
15-May-2026 21:02:12.747 INFORMACIÓN [main] org.apache.catalina.startup.VersionLoggerListener.log Command line argument:             --add-opens=java.base/java.io=ALL-UNNAMED
15-May-2026 21:02:12.747 INFORMACIÓN [main] org.apache.catalina.startup.VersionLoggerListener.log Command line argument:             --add-opens=java.base/java.util=ALL-UNNAMED
15-May-2026 21:02:12.748 INFORMACIÓN [main] org.apache.catalina.startup.VersionLoggerListener.log Command line argument:             --add-opens=java.base/java.util.concurrent=ALL-UNNAMED
15-May-2026 21:02:12.748 INFORMACIÓN [main] org.apache.catalina.startup.VersionLoggerListener.log Command line argument:             --add-opens=java.rmi/sun.rmi.transport=ALL-UNNAMED
15-May-2026 21:02:12.749 INFORMACIÓN [main] org.apache.catalina.startup.VersionLoggerListener.log Command line argument:             -Dcatalina.base=/home/dz/Documentos/Proyecto Final/apache-tomcat-10.1.53
15-May-2026 21:02:12.749 INFORMACIÓN [main] org.apache.catalina.startup.VersionLoggerListener.log Command line argument:             -Dcatalina.home=/home/dz/Documentos/Proyecto Final/apache-tomcat-10.1.53
15-May-2026 21:02:12.750 INFORMACIÓN [main] org.apache.catalina.startup.VersionLoggerListener.log Command line argument:             -Djava.io.tmpdir=/home/dz/Documentos/Proyecto Final/apache-tomcat-10.1.53/temp
15-May-2026 21:02:12.756 INFORMACIÓN [main] org.apache.catalina.core.AprLifecycleListener.lifecycleEvent La biblioteca nativa de Apache Tomcat basada en ARP que permite un rendimiento óptimo en entornos de desarrollo no ha sido hallada en java.library.path: [/usr/java/packages/lib:/usr/lib64:/lib64:/lib:/usr/lib]
15-May-2026 21:02:13.897 INFORMACIÓN [main] org.apache.coyote.AbstractProtocol.init Inicializando el manejador de protocolo ["http-nio-8080"]

15-May-2026 21:02:14.009 INFORMACIÓN [main] org.apache.catalina.startup.Catalina.load Server initialization in [2058] milliseconds
15-May-2026 21:02:14.199 INFORMACIÓN [main] org.apache.catalina.core.StandardService.startInternal Arrancando servicio [Catalina]
15-May-2026 21:02:14.199 INFORMACIÓN [main] org.apache.catalina.core.StandardEngine.startInternal Starting Servlet engine: [Apache Tomcat/10.1.53]
15-May-2026 21:02:14.327 INFORMACIÓN [main] org.apache.catalina.startup.HostConfig.deployWAR Despliegue del archivo [/home/dz/Documentos/Proyecto Final/apache-tomcat-10.1.53/webapps/ConnectWork-1.0-SNAPSHOT.war] de la aplicación web
15-May-2026 21:02:18.136 INFORMACIÓN [main] org.apache.jasper.servlet.TldScanner.scanJars Al menos un JAR, que se ha explorado buscando TLDs, aún no contenía TLDs. Activar historial de depuración para este historiador para una completa lista de los JARs que fueron explorados y de los que nos se halló TLDs. Saltarse JARs no necesarios durante la exploración puede dar lugar a una mejora de tiempo significativa en el arranque y compilación de JSP .
15-May-2026 21:02:18.295 INFORMACIÓN [main] org.apache.catalina.startup.HostConfig.deployWAR Deployment of web application archive [/home/dz/Documentos/Proyecto Final/apache-tomcat-10.1.53/webapps/ConnectWork-1.0-SNAPSHOT.war] has finished in [3.952] ms
15-May-2026 21:02:18.297 INFORMACIÓN [main] org.apache.catalina.startup.HostConfig.deployDirectory Desplegando el directorio [/home/dz/Documentos/Proyecto Final/apache-tomcat-10.1.53/webapps/docs] de la aplicación web
15-May-2026 21:02:18.381 INFORMACIÓN [main] org.apache.catalina.startup.HostConfig.deployDirectory Deployment of web application directory [/home/dz/Documentos/Proyecto Final/apache-tomcat-10.1.53/webapps/docs] has finished in [84] ms
15-May-2026 21:02:18.382 INFORMACIÓN [main] org.apache.catalina.startup.HostConfig.deployDirectory Desplegando el directorio [/home/dz/Documentos/Proyecto Final/apache-tomcat-10.1.53/webapps/ConnectWork_war] de la aplicación web
15-May-2026 21:02:19.836 INFORMACIÓN [main] org.apache.jasper.servlet.TldScanner.scanJars Al menos un JAR, que se ha explorado buscando TLDs, aún no contenía TLDs. Activar historial de depuración para este historiador para una completa lista de los JARs que fueron explorados y de los que nos se halló TLDs. Saltarse JARs no necesarios durante la exploración puede dar lugar a una mejora de tiempo significativa en el arranque y compilación de JSP .
15-May-2026 21:02:19.848 INFORMACIÓN [main] org.apache.catalina.startup.HostConfig.deployDirectory Deployment of web application directory [/home/dz/Documentos/Proyecto Final/apache-tomcat-10.1.53/webapps/ConnectWork_war] has finished in [1.465] ms
15-May-2026 21:02:19.850 INFORMACIÓN [main] org.apache.catalina.startup.HostConfig.deployDirectory Desplegando el directorio [/home/dz/Documentos/Proyecto Final/apache-tomcat-10.1.53/webapps/ROOT] de la aplicación web
15-May-2026 21:02:19.910 INFORMACIÓN [main] org.apache.catalina.startup.HostConfig.deployDirectory Deployment of web application directory [/home/dz/Documentos/Proyecto Final/apache-tomcat-10.1.53/webapps/ROOT] has finished in [59] ms
15-May-2026 21:02:19.911 INFORMACIÓN [main] org.apache.catalina.startup.HostConfig.deployDirectory Desplegando el directorio [/home/dz/Documentos/Proyecto Final/apache-tomcat-10.1.53/webapps/examples] de la aplicación web
15-May-2026 21:02:20.609 INFORMACIÓN [main] org.apache.catalina.startup.HostConfig.deployDirectory Deployment of web application directory [/home/dz/Documentos/Proyecto Final/apache-tomcat-10.1.53/webapps/examples] has finished in [698] ms
15-May-2026 21:02:20.611 INFORMACIÓN [main] org.apache.catalina.startup.HostConfig.deployDirectory Desplegando el directorio [/home/dz/Documentos/Proyecto Final/apache-tomcat-10.1.53/webapps/host-manager] de la aplicación web
15-May-2026 21:02:20.687 INFORMACIÓN [main] org.apache.catalina.startup.HostConfig.deployDirectory Deployment of web application directory [/home/dz/Documentos/Proyecto Final/apache-tomcat-10.1.53/webapps/host-manager] has finished in [77] ms
15-May-2026 21:02:20.688 INFORMACIÓN [main] org.apache.catalina.startup.HostConfig.deployDirectory Desplegando el directorio [/home/dz/Documentos/Proyecto Final/apache-tomcat-10.1.53/webapps/manager] de la aplicación web
15-May-2026 21:02:20.780 INFORMACIÓN [main] org.apache.catalina.startup.HostConfig.deployDirectory Deployment of web application directory [/home/dz/Documentos/Proyecto Final/apache-tomcat-10.1.53/webapps/manager] has finished in [89] ms
15-May-2026 21:02:20.806 INFORMACIÓN [main] org.apache.coyote.AbstractProtocol.start Starting ProtocolHandler ["http-nio-8080"]
15-May-2026 21:02:20.858 INFORMACIÓN [main] org.apache.catalina.startup.Catalina.start Server startup in [6841] milliseconds
